This file contains any messages produced by compilers while
running configure, to aid debugging if configure makes a mistake.

It was created by unp configure 1.0, which was
generated by GNU Autoconf 2.69.  Invocation command line was

  $ ./configure --no-create --no-recursion

## --------- ##
## Platform. ##
## --------- ##

hostname = lizy-pc
uname -m = x86_64
uname -r = 4.4.1-2-ARCH
uname -s = Linux
uname -v = #1 SMP PREEMPT Wed Feb 3 13:12:33 UTC 2016

/usr/bin/uname -p = unknown
/bin/uname -X     = unknown

/bin/arch              = unknown
/usr/bin/arch -k       = unknown
/usr/convex/getsysinfo = unknown
/usr/bin/hostinfo      = unknown
/bin/machine           = unknown
/usr/bin/oslevel       = unknown
/bin/universe          = unknown

PATH: .
PATH: /usr/local/sbin
PATH: /usr/local/bin
PATH: /usr/bin
PATH: /usr/bin/core_perl
PATH: /usr/bin/vendor_perl
PATH: /bin
PATH: /bin
PATH: /home/lizy/develop/eclipse
PATH: /home/lizy/develop/Android/Sdk/tools
PATH: /home/lizy/develop/Android/Sdk/platform-tools
PATH: /home/lizy/develop/Android/Ndk/android-ndk-r10d
PATH: /home/lizy/develop/Android/tools
PATH: /home/lizy/develop/apache-ant-1.9.4/bin
PATH: /home/lizy/develop/sh
PATH: /home/lizy/develop/Android/appengine-java-sdk-1.9.30/bin
PATH: /home/lizy/develop/android-studio/bin


## ----------- ##
## Core tests. ##
## ----------- ##

configure:2379: checking for a BSD-compatible install
configure:2447: result: /usr/bin/install -c
configure:2458: checking whether build environment is sane
configure:2513: result: yes
configure:2664: checking for a thread-safe mkdir -p
configure:2703: result: /usr/bin/mkdir -p
configure:2710: checking for gawk
configure:2726: found /usr/bin/gawk
configure:2737: result: gawk
configure:2748: checking whether make sets $(MAKE)
configure:2770: result: yes
configure:2799: checking whether make supports nested variables
configure:2816: result: yes
configure:2992: checking for gcc
configure:3008: found /usr/bin/gcc
configure:3019: result: gcc
configure:3248: checking for C compiler version
configure:3257: gcc --version >&5
gcc (GCC) 5.3.0
Copyright (C) 2015 Free Software Foundation, Inc.
This is free software; see the source for copying conditions.  There is NO
warranty; not even for MERCHANTABILITY or FITNESS FOR A PARTICULAR PURPOSE.

configure:3268: $? = 0
configure:3257: gcc -v >&5
Using built-in specs.
COLLECT_GCC=gcc
COLLECT_LTO_WRAPPER=/usr/lib/gcc/x86_64-unknown-linux-gnu/5.3.0/lto-wrapper
Target: x86_64-unknown-linux-gnu
Configured with: /build/gcc/src/gcc-5-20160209/configure --prefix=/usr --libdir=/usr/lib --libexecdir=/usr/lib --mandir=/usr/share/man --infodir=/usr/share/info --with-bugurl=https://bugs.archlinux.org/ --enable-languages=c,c++,ada,fortran,go,lto,objc,obj-c++ --enable-shared --enable-threads=posix --enable-libmpx --with-system-zlib --with-isl --enable-__cxa_atexit --disable-libunwind-exceptions --enable-clocale=gnu --disable-libstdcxx-pch --disable-libssp --enable-gnu-unique-object --enable-linker-build-id --enable-lto --enable-plugin --enable-install-libiberty --with-linker-hash-style=gnu --enable-gnu-indirect-function --disable-multilib --disable-werror --enable-checking=release
Thread model: posix
gcc version 5.3.0 (GCC) 
configure:3268: $? = 0
configure:3257: gcc -V >&5
gcc: error: unrecognized command line option '-V'
gcc: fatal error: no input files
compilation terminated.
configure:3268: $? = 1
configure:3257: gcc -qversion >&5
gcc: error: unrecognized command line option '-qversion'
gcc: fatal error: no input files
compilation terminated.
configure:3268: $? = 1
configure:3288: checking whether the C compiler works
configure:3310: gcc    conftest.c  >&5
configure:3314: $? = 0
configure:3362: result: yes
configure:3365: checking for C compiler default output file name
configure:3367: result: a.out
configure:3373: checking for suffix of executables
configure:3380: gcc -o conftest    conftest.c  >&5
configure:3384: $? = 0
configure:3406: result: 
configure:3428: checking whether we are cross compiling
configure:3436: gcc -o conftest    conftest.c  >&5
configure:3440: $? = 0
configure:3447: ./conftest
configure:3451: $? = 0
configure:3466: result: no
configure:3471: checking for suffix of object files
configure:3493: gcc -c   conftest.c >&5
configure:3497: $? = 0
configure:3518: result: o
configure:3522: checking whether we are using the GNU C compiler
configure:3541: gcc -c   conftest.c >&5
configure:3541: $? = 0
configure:3550: result: yes
configure:3559: checking whether gcc accepts -g
configure:3579: gcc -c -g  conftest.c >&5
configure:3579: $? = 0
configure:3620: result: yes
configure:3637: checking for gcc option to accept ISO C89
configure:3700: gcc  -c -g -O2  conftest.c >&5
configure:3700: $? = 0
configure:3713: result: none needed
configure:3738: checking whether gcc understands -c and -o together
configure:3760: gcc -c conftest.c -o conftest2.o
configure:3763: $? = 0
configure:3760: gcc -c conftest.c -o conftest2.o
configure:3763: $? = 0
configure:3775: result: yes
configure:3803: checking for style of include used by make
configure:3831: result: GNU
configure:3857: checking dependency style of gcc
configure:3968: result: gcc3
configure:3993: checking how to run the C preprocessor
configure:4024: gcc -E  conftest.c
configure:4024: $? = 0
configure:4038: gcc -E  conftest.c
conftest.c:11:28: fatal error: ac_nonexistent.h: No such file or directory
compilation terminated.
configure:4038: $? = 1
configure: failed program was:
| /* confdefs.h */
| #define PACKAGE_NAME "unp"
| #define PACKAGE_TARNAME "unp"
| #define PACKAGE_VERSION "1.0"
| #define PACKAGE_STRING "unp 1.0"
| #define PACKAGE_BUGREPORT "eagle.lzy@gmail.com"
| #define PACKAGE_URL ""
| #define PACKAGE "unp"
| #define VERSION "1.0"
| /* end confdefs.h.  */
| #include <ac_nonexistent.h>
configure:4063: result: gcc -E
configure:4083: gcc -E  conftest.c
configure:4083: $? = 0
configure:4097: gcc -E  conftest.c
conftest.c:11:28: fatal error: ac_nonexistent.h: No such file or directory
compilation terminated.
configure:4097: $? = 1
configure: failed program was:
| /* confdefs.h */
| #define PACKAGE_NAME "unp"
| #define PACKAGE_TARNAME "unp"
| #define PACKAGE_VERSION "1.0"
| #define PACKAGE_STRING "unp 1.0"
| #define PACKAGE_BUGREPORT "eagle.lzy@gmail.com"
| #define PACKAGE_URL ""
| #define PACKAGE "unp"
| #define VERSION "1.0"
| /* end confdefs.h.  */
| #include <ac_nonexistent.h>
configure:4126: checking for grep that handles long lines and -e
configure:4184: result: /usr/bin/grep
configure:4189: checking for egrep
configure:4251: result: /usr/bin/grep -E
configure:4256: checking for ANSI C header files
configure:4276: gcc -c -g -O2  conftest.c >&5
configure:4276: $? = 0
configure:4349: gcc -o conftest -g -O2   conftest.c  >&5
configure:4349: $? = 0
configure:4349: ./conftest
configure:4349: $? = 0
configure:4360: result: yes
configure:4373: checking for sys/types.h
configure:4373: gcc -c -g -O2  conftest.c >&5
configure:4373: $? = 0
configure:4373: result: yes
configure:4373: checking for sys/stat.h
configure:4373: gcc -c -g -O2  conftest.c >&5
configure:4373: $? = 0
configure:4373: result: yes
configure:4373: checking for stdlib.h
configure:4373: gcc -c -g -O2  conftest.c >&5
configure:4373: $? = 0
configure:4373: result: yes
configure:4373: checking for string.h
configure:4373: gcc -c -g -O2  conftest.c >&5
configure:4373: $? = 0
configure:4373: result: yes
configure:4373: checking for memory.h
configure:4373: gcc -c -g -O2  conftest.c >&5
configure:4373: $? = 0
configure:4373: result: yes
configure:4373: checking for strings.h
configure:4373: gcc -c -g -O2  conftest.c >&5
configure:4373: $? = 0
configure:4373: result: yes
configure:4373: checking for inttypes.h
configure:4373: gcc -c -g -O2  conftest.c >&5
configure:4373: $? = 0
configure:4373: result: yes
configure:4373: checking for stdint.h
configure:4373: gcc -c -g -O2  conftest.c >&5
configure:4373: $? = 0
configure:4373: result: yes
configure:4373: checking for unistd.h
configure:4373: gcc -c -g -O2  conftest.c >&5
configure:4373: $? = 0
configure:4373: result: yes
configure:4388: checking arpa/inet.h usability
configure:4388: gcc -c -g -O2  conftest.c >&5
configure:4388: $? = 0
configure:4388: result: yes
configure:4388: checking arpa/inet.h presence
configure:4388: gcc -E  conftest.c
configure:4388: $? = 0
configure:4388: result: yes
configure:4388: checking for arpa/inet.h
configure:4388: result: yes
configure:4388: checking fcntl.h usability
configure:4388: gcc -c -g -O2  conftest.c >&5
configure:4388: $? = 0
configure:4388: result: yes
configure:4388: checking fcntl.h presence
configure:4388: gcc -E  conftest.c
configure:4388: $? = 0
configure:4388: result: yes
configure:4388: checking for fcntl.h
configure:4388: result: yes
configure:4388: checking netdb.h usability
configure:4388: gcc -c -g -O2  conftest.c >&5
configure:4388: $? = 0
configure:4388: result: yes
configure:4388: checking netdb.h presence
configure:4388: gcc -E  conftest.c
configure:4388: $? = 0
configure:4388: result: yes
configure:4388: checking for netdb.h
configure:4388: result: yes
configure:4388: checking netinet/in.h usability
configure:4388: gcc -c -g -O2  conftest.c >&5
configure:4388: $? = 0
configure:4388: result: yes
configure:4388: checking netinet/in.h presence
configure:4388: gcc -E  conftest.c
configure:4388: $? = 0
configure:4388: result: yes
configure:4388: checking for netinet/in.h
configure:4388: result: yes
configure:4388: checking stddef.h usability
configure:4388: gcc -c -g -O2  conftest.c >&5
configure:4388: $? = 0
configure:4388: result: yes
configure:4388: checking stddef.h presence
configure:4388: gcc -E  conftest.c
configure:4388: $? = 0
configure:4388: result: yes
configure:4388: checking for stddef.h
configure:4388: result: yes
configure:4388: checking for stdlib.h
configure:4388: result: yes
configure:4388: checking for string.h
configure:4388: result: yes
configure:4388: checking for strings.h
configure:4388: result: yes
configure:4388: checking sys/ioctl.h usability
configure:4388: gcc -c -g -O2  conftest.c >&5
configure:4388: $? = 0
configure:4388: result: yes
configure:4388: checking sys/ioctl.h presence
configure:4388: gcc -E  conftest.c
configure:4388: $? = 0
configure:4388: result: yes
configure:4388: checking for sys/ioctl.h
configure:4388: result: yes
configure:4388: checking sys/param.h usability
configure:4388: gcc -c -g -O2  conftest.c >&5
configure:4388: $? = 0
configure:4388: result: yes
configure:4388: checking sys/param.h presence
configure:4388: gcc -E  conftest.c
configure:4388: $? = 0
configure:4388: result: yes
configure:4388: checking for sys/param.h
configure:4388: result: yes
configure:4388: checking sys/socket.h usability
configure:4388: gcc -c -g -O2  conftest.c >&5
configure:4388: $? = 0
configure:4388: result: yes
configure:4388: checking sys/socket.h presence
configure:4388: gcc -E  conftest.c
configure:4388: $? = 0
configure:4388: result: yes
configure:4388: checking for sys/socket.h
configure:4388: result: yes
configure:4388: checking sys/time.h usability
configure:4388: gcc -c -g -O2  conftest.c >&5
configure:4388: $? = 0
configure:4388: result: yes
configure:4388: checking sys/time.h presence
configure:4388: gcc -E  conftest.c
configure:4388: $? = 0
configure:4388: result: yes
configure:4388: checking for sys/time.h
configure:4388: result: yes
configure:4388: checking syslog.h usability
configure:4388: gcc -c -g -O2  conftest.c >&5
configure:4388: $? = 0
configure:4388: result: yes
configure:4388: checking syslog.h presence
configure:4388: gcc -E  conftest.c
configure:4388: $? = 0
configure:4388: result: yes
configure:4388: checking for syslog.h
configure:4388: result: yes
configure:4388: checking for unistd.h
configure:4388: result: yes
configure:4400: checking for int64_t
configure:4400: gcc -c -g -O2  conftest.c >&5
configure:4400: $? = 0
configure:4400: gcc -c -g -O2  conftest.c >&5
conftest.c: In function 'main':
conftest.c:73:53: warning: integer overflow in expression [-Woverflow]
    < (int64_t) (((((int64_t) 1 << N) << N) - 1) * 2 + 2))];
                                                     ^
conftest.c:72:12: error: storage size of 'test_array' isn't constant
 static int test_array [1 - 2 * !((int64_t) (((((int64_t) 1 << N) << N) - 1) * 2 + 1)
            ^
configure:4400: $? = 1
configure: failed program was:
| /* confdefs.h */
| #define PACKAGE_NAME "unp"
| #define PACKAGE_TARNAME "unp"
| #define PACKAGE_VERSION "1.0"
| #define PACKAGE_STRING "unp 1.0"
| #define PACKAGE_BUGREPORT "eagle.lzy@gmail.com"
| #define PACKAGE_URL ""
| #define PACKAGE "unp"
| #define VERSION "1.0"
| #define STDC_HEADERS 1
| #define HAVE_SYS_TYPES_H 1
| #define HAVE_SYS_STAT_H 1
| #define HAVE_STDLIB_H 1
| #define HAVE_STRING_H 1
| #define HAVE_MEMORY_H 1
| #define HAVE_STRINGS_H 1
| #define HAVE_INTTYPES_H 1
| #define HAVE_STDINT_H 1
| #define HAVE_UNISTD_H 1
| #define HAVE_ARPA_INET_H 1
| #define HAVE_FCNTL_H 1
| #define HAVE_NETDB_H 1
| #define HAVE_NETINET_IN_H 1
| #define HAVE_STDDEF_H 1
| #define HAVE_STDLIB_H 1
| #define HAVE_STRING_H 1
| #define HAVE_STRINGS_H 1
| #define HAVE_SYS_IOCTL_H 1
| #define HAVE_SYS_PARAM_H 1
| #define HAVE_SYS_SOCKET_H 1
| #define HAVE_SYS_TIME_H 1
| #define HAVE_SYSLOG_H 1
| #define HAVE_UNISTD_H 1
| /* end confdefs.h.  */
| #include <stdio.h>
| #ifdef HAVE_SYS_TYPES_H
| # include <sys/types.h>
| #endif
| #ifdef HAVE_SYS_STAT_H
| # include <sys/stat.h>
| #endif
| #ifdef STDC_HEADERS
| # include <stdlib.h>
| # include <stddef.h>
| #else
| # ifdef HAVE_STDLIB_H
| #  include <stdlib.h>
| # endif
| #endif
| #ifdef HAVE_STRING_H
| # if !defined STDC_HEADERS && defined HAVE_MEMORY_H
| #  include <memory.h>
| # endif
| # include <string.h>
| #endif
| #ifdef HAVE_STRINGS_H
| # include <strings.h>
| #endif
| #ifdef HAVE_INTTYPES_H
| # include <inttypes.h>
| #endif
| #ifdef HAVE_STDINT_H
| # include <stdint.h>
| #endif
| #ifdef HAVE_UNISTD_H
| # include <unistd.h>
| #endif
| 	        enum { N = 64 / 2 - 1 };
| int
| main ()
| {
| static int test_array [1 - 2 * !((int64_t) (((((int64_t) 1 << N) << N) - 1) * 2 + 1)
| 		 < (int64_t) (((((int64_t) 1 << N) << N) - 1) * 2 + 2))];
| test_array [0] = 0;
| return test_array [0];
| 
|   ;
|   return 0;
| }
configure:4400: result: yes
configure:4411: checking for mode_t
configure:4411: gcc -c -g -O2  conftest.c >&5
configure:4411: $? = 0
configure:4411: gcc -c -g -O2  conftest.c >&5
conftest.c: In function 'main':
conftest.c:71:21: error: expected expression before ')' token
 if (sizeof ((mode_t)))
                     ^
configure:4411: $? = 1
configure: failed program was:
| /* confdefs.h */
| #define PACKAGE_NAME "unp"
| #define PACKAGE_TARNAME "unp"
| #define PACKAGE_VERSION "1.0"
| #define PACKAGE_STRING "unp 1.0"
| #define PACKAGE_BUGREPORT "eagle.lzy@gmail.com"
| #define PACKAGE_URL ""
| #define PACKAGE "unp"
| #define VERSION "1.0"
| #define STDC_HEADERS 1
| #define HAVE_SYS_TYPES_H 1
| #define HAVE_SYS_STAT_H 1
| #define HAVE_STDLIB_H 1
| #define HAVE_STRING_H 1
| #define HAVE_MEMORY_H 1
| #define HAVE_STRINGS_H 1
| #define HAVE_INTTYPES_H 1
| #define HAVE_STDINT_H 1
| #define HAVE_UNISTD_H 1
| #define HAVE_ARPA_INET_H 1
| #define HAVE_FCNTL_H 1
| #define HAVE_NETDB_H 1
| #define HAVE_NETINET_IN_H 1
| #define HAVE_STDDEF_H 1
| #define HAVE_STDLIB_H 1
| #define HAVE_STRING_H 1
| #define HAVE_STRINGS_H 1
| #define HAVE_SYS_IOCTL_H 1
| #define HAVE_SYS_PARAM_H 1
| #define HAVE_SYS_SOCKET_H 1
| #define HAVE_SYS_TIME_H 1
| #define HAVE_SYSLOG_H 1
| #define HAVE_UNISTD_H 1
| /* end confdefs.h.  */
| #include <stdio.h>
| #ifdef HAVE_SYS_TYPES_H
| # include <sys/types.h>
| #endif
| #ifdef HAVE_SYS_STAT_H
| # include <sys/stat.h>
| #endif
| #ifdef STDC_HEADERS
| # include <stdlib.h>
| # include <stddef.h>
| #else
| # ifdef HAVE_STDLIB_H
| #  include <stdlib.h>
| # endif
| #endif
| #ifdef HAVE_STRING_H
| # if !defined STDC_HEADERS && defined HAVE_MEMORY_H
| #  include <memory.h>
| # endif
| # include <string.h>
| #endif
| #ifdef HAVE_STRINGS_H
| # include <strings.h>
| #endif
| #ifdef HAVE_INTTYPES_H
| # include <inttypes.h>
| #endif
| #ifdef HAVE_STDINT_H
| # include <stdint.h>
| #endif
| #ifdef HAVE_UNISTD_H
| # include <unistd.h>
| #endif
| int
| main ()
| {
| if (sizeof ((mode_t)))
| 	    return 0;
|   ;
|   return 0;
| }
configure:4411: result: yes
configure:4422: checking for off_t
configure:4422: gcc -c -g -O2  conftest.c >&5
configure:4422: $? = 0
configure:4422: gcc -c -g -O2  conftest.c >&5
conftest.c: In function 'main':
conftest.c:71:20: error: expected expression before ')' token
 if (sizeof ((off_t)))
                    ^
configure:4422: $? = 1
configure: failed program was:
| /* confdefs.h */
| #define PACKAGE_NAME "unp"
| #define PACKAGE_TARNAME "unp"
| #define PACKAGE_VERSION "1.0"
| #define PACKAGE_STRING "unp 1.0"
| #define PACKAGE_BUGREPORT "eagle.lzy@gmail.com"
| #define PACKAGE_URL ""
| #define PACKAGE "unp"
| #define VERSION "1.0"
| #define STDC_HEADERS 1
| #define HAVE_SYS_TYPES_H 1
| #define HAVE_SYS_STAT_H 1
| #define HAVE_STDLIB_H 1
| #define HAVE_STRING_H 1
| #define HAVE_MEMORY_H 1
| #define HAVE_STRINGS_H 1
| #define HAVE_INTTYPES_H 1
| #define HAVE_STDINT_H 1
| #define HAVE_UNISTD_H 1
| #define HAVE_ARPA_INET_H 1
| #define HAVE_FCNTL_H 1
| #define HAVE_NETDB_H 1
| #define HAVE_NETINET_IN_H 1
| #define HAVE_STDDEF_H 1
| #define HAVE_STDLIB_H 1
| #define HAVE_STRING_H 1
| #define HAVE_STRINGS_H 1
| #define HAVE_SYS_IOCTL_H 1
| #define HAVE_SYS_PARAM_H 1
| #define HAVE_SYS_SOCKET_H 1
| #define HAVE_SYS_TIME_H 1
| #define HAVE_SYSLOG_H 1
| #define HAVE_UNISTD_H 1
| /* end confdefs.h.  */
| #include <stdio.h>
| #ifdef HAVE_SYS_TYPES_H
| # include <sys/types.h>
| #endif
| #ifdef HAVE_SYS_STAT_H
| # include <sys/stat.h>
| #endif
| #ifdef STDC_HEADERS
| # include <stdlib.h>
| # include <stddef.h>
| #else
| # ifdef HAVE_STDLIB_H
| #  include <stdlib.h>
| # endif
| #endif
| #ifdef HAVE_STRING_H
| # if !defined STDC_HEADERS && defined HAVE_MEMORY_H
| #  include <memory.h>
| # endif
| # include <string.h>
| #endif
| #ifdef HAVE_STRINGS_H
| # include <strings.h>
| #endif
| #ifdef HAVE_INTTYPES_H
| # include <inttypes.h>
| #endif
| #ifdef HAVE_STDINT_H
| # include <stdint.h>
| #endif
| #ifdef HAVE_UNISTD_H
| # include <unistd.h>
| #endif
| int
| main ()
| {
| if (sizeof ((off_t)))
| 	    return 0;
|   ;
|   return 0;
| }
configure:4422: result: yes
configure:4433: checking for pid_t
configure:4433: gcc -c -g -O2  conftest.c >&5
configure:4433: $? = 0
configure:4433: gcc -c -g -O2  conftest.c >&5
conftest.c: In function 'main':
conftest.c:71:20: error: expected expression before ')' token
 if (sizeof ((pid_t)))
                    ^
configure:4433: $? = 1
configure: failed program was:
| /* confdefs.h */
| #define PACKAGE_NAME "unp"
| #define PACKAGE_TARNAME "unp"
| #define PACKAGE_VERSION "1.0"
| #define PACKAGE_STRING "unp 1.0"
| #define PACKAGE_BUGREPORT "eagle.lzy@gmail.com"
| #define PACKAGE_URL ""
| #define PACKAGE "unp"
| #define VERSION "1.0"
| #define STDC_HEADERS 1
| #define HAVE_SYS_TYPES_H 1
| #define HAVE_SYS_STAT_H 1
| #define HAVE_STDLIB_H 1
| #define HAVE_STRING_H 1
| #define HAVE_MEMORY_H 1
| #define HAVE_STRINGS_H 1
| #define HAVE_INTTYPES_H 1
| #define HAVE_STDINT_H 1
| #define HAVE_UNISTD_H 1
| #define HAVE_ARPA_INET_H 1
| #define HAVE_FCNTL_H 1
| #define HAVE_NETDB_H 1
| #define HAVE_NETINET_IN_H 1
| #define HAVE_STDDEF_H 1
| #define HAVE_STDLIB_H 1
| #define HAVE_STRING_H 1
| #define HAVE_STRINGS_H 1
| #define HAVE_SYS_IOCTL_H 1
| #define HAVE_SYS_PARAM_H 1
| #define HAVE_SYS_SOCKET_H 1
| #define HAVE_SYS_TIME_H 1
| #define HAVE_SYSLOG_H 1
| #define HAVE_UNISTD_H 1
| /* end confdefs.h.  */
| #include <stdio.h>
| #ifdef HAVE_SYS_TYPES_H
| # include <sys/types.h>
| #endif
| #ifdef HAVE_SYS_STAT_H
| # include <sys/stat.h>
| #endif
| #ifdef STDC_HEADERS
| # include <stdlib.h>
| # include <stddef.h>
| #else
| # ifdef HAVE_STDLIB_H
| #  include <stdlib.h>
| # endif
| #endif
| #ifdef HAVE_STRING_H
| # if !defined STDC_HEADERS && defined HAVE_MEMORY_H
| #  include <memory.h>
| # endif
| # include <string.h>
| #endif
| #ifdef HAVE_STRINGS_H
| # include <strings.h>
| #endif
| #ifdef HAVE_INTTYPES_H
| # include <inttypes.h>
| #endif
| #ifdef HAVE_STDINT_H
| # include <stdint.h>
| #endif
| #ifdef HAVE_UNISTD_H
| # include <unistd.h>
| #endif
| int
| main ()
| {
| if (sizeof ((pid_t)))
| 	    return 0;
|   ;
|   return 0;
| }
configure:4433: result: yes
configure:4444: checking for size_t
configure:4444: gcc -c -g -O2  conftest.c >&5
configure:4444: $? = 0
configure:4444: gcc -c -g -O2  conftest.c >&5
conftest.c: In function 'main':
conftest.c:71:21: error: expected expression before ')' token
 if (sizeof ((size_t)))
                     ^
configure:4444: $? = 1
configure: failed program was:
| /* confdefs.h */
| #define PACKAGE_NAME "unp"
| #define PACKAGE_TARNAME "unp"
| #define PACKAGE_VERSION "1.0"
| #define PACKAGE_STRING "unp 1.0"
| #define PACKAGE_BUGREPORT "eagle.lzy@gmail.com"
| #define PACKAGE_URL ""
| #define PACKAGE "unp"
| #define VERSION "1.0"
| #define STDC_HEADERS 1
| #define HAVE_SYS_TYPES_H 1
| #define HAVE_SYS_STAT_H 1
| #define HAVE_STDLIB_H 1
| #define HAVE_STRING_H 1
| #define HAVE_MEMORY_H 1
| #define HAVE_STRINGS_H 1
| #define HAVE_INTTYPES_H 1
| #define HAVE_STDINT_H 1
| #define HAVE_UNISTD_H 1
| #define HAVE_ARPA_INET_H 1
| #define HAVE_FCNTL_H 1
| #define HAVE_NETDB_H 1
| #define HAVE_NETINET_IN_H 1
| #define HAVE_STDDEF_H 1
| #define HAVE_STDLIB_H 1
| #define HAVE_STRING_H 1
| #define HAVE_STRINGS_H 1
| #define HAVE_SYS_IOCTL_H 1
| #define HAVE_SYS_PARAM_H 1
| #define HAVE_SYS_SOCKET_H 1
| #define HAVE_SYS_TIME_H 1
| #define HAVE_SYSLOG_H 1
| #define HAVE_UNISTD_H 1
| /* end confdefs.h.  */
| #include <stdio.h>
| #ifdef HAVE_SYS_TYPES_H
| # include <sys/types.h>
| #endif
| #ifdef HAVE_SYS_STAT_H
| # include <sys/stat.h>
| #endif
| #ifdef STDC_HEADERS
| # include <stdlib.h>
| # include <stddef.h>
| #else
| # ifdef HAVE_STDLIB_H
| #  include <stdlib.h>
| # endif
| #endif
| #ifdef HAVE_STRING_H
| # if !defined STDC_HEADERS && defined HAVE_MEMORY_H
| #  include <memory.h>
| # endif
| # include <string.h>
| #endif
| #ifdef HAVE_STRINGS_H
| # include <strings.h>
| #endif
| #ifdef HAVE_INTTYPES_H
| # include <inttypes.h>
| #endif
| #ifdef HAVE_STDINT_H
| # include <stdint.h>
| #endif
| #ifdef HAVE_UNISTD_H
| # include <unistd.h>
| #endif
| int
| main ()
| {
| if (sizeof ((size_t)))
| 	    return 0;
|   ;
|   return 0;
| }
configure:4444: result: yes
configure:4455: checking for ssize_t
configure:4455: gcc -c -g -O2  conftest.c >&5
configure:4455: $? = 0
configure:4455: gcc -c -g -O2  conftest.c >&5
conftest.c: In function 'main':
conftest.c:71:22: error: expected expression before ')' token
 if (sizeof ((ssize_t)))
                      ^
configure:4455: $? = 1
configure: failed program was:
| /* confdefs.h */
| #define PACKAGE_NAME "unp"
| #define PACKAGE_TARNAME "unp"
| #define PACKAGE_VERSION "1.0"
| #define PACKAGE_STRING "unp 1.0"
| #define PACKAGE_BUGREPORT "eagle.lzy@gmail.com"
| #define PACKAGE_URL ""
| #define PACKAGE "unp"
| #define VERSION "1.0"
| #define STDC_HEADERS 1
| #define HAVE_SYS_TYPES_H 1
| #define HAVE_SYS_STAT_H 1
| #define HAVE_STDLIB_H 1
| #define HAVE_STRING_H 1
| #define HAVE_MEMORY_H 1
| #define HAVE_STRINGS_H 1
| #define HAVE_INTTYPES_H 1
| #define HAVE_STDINT_H 1
| #define HAVE_UNISTD_H 1
| #define HAVE_ARPA_INET_H 1
| #define HAVE_FCNTL_H 1
| #define HAVE_NETDB_H 1
| #define HAVE_NETINET_IN_H 1
| #define HAVE_STDDEF_H 1
| #define HAVE_STDLIB_H 1
| #define HAVE_STRING_H 1
| #define HAVE_STRINGS_H 1
| #define HAVE_SYS_IOCTL_H 1
| #define HAVE_SYS_PARAM_H 1
| #define HAVE_SYS_SOCKET_H 1
| #define HAVE_SYS_TIME_H 1
| #define HAVE_SYSLOG_H 1
| #define HAVE_UNISTD_H 1
| /* end confdefs.h.  */
| #include <stdio.h>
| #ifdef HAVE_SYS_TYPES_H
| # include <sys/types.h>
| #endif
| #ifdef HAVE_SYS_STAT_H
| # include <sys/stat.h>
| #endif
| #ifdef STDC_HEADERS
| # include <stdlib.h>
| # include <stddef.h>
| #else
| # ifdef HAVE_STDLIB_H
| #  include <stdlib.h>
| # endif
| #endif
| #ifdef HAVE_STRING_H
| # if !defined STDC_HEADERS && defined HAVE_MEMORY_H
| #  include <memory.h>
| # endif
| # include <string.h>
| #endif
| #ifdef HAVE_STRINGS_H
| # include <strings.h>
| #endif
| #ifdef HAVE_INTTYPES_H
| # include <inttypes.h>
| #endif
| #ifdef HAVE_STDINT_H
| # include <stdint.h>
| #endif
| #ifdef HAVE_UNISTD_H
| # include <unistd.h>
| #endif
| int
| main ()
| {
| if (sizeof ((ssize_t)))
| 	    return 0;
|   ;
|   return 0;
| }
configure:4455: result: yes
configure:4466: checking for uid_t in sys/types.h
configure:4485: result: yes
configure:4496: checking for uint16_t
configure:4496: gcc -c -g -O2  conftest.c >&5
configure:4496: $? = 0
configure:4496: result: yes
configure:4508: checking for uint32_t
configure:4508: gcc -c -g -O2  conftest.c >&5
configure:4508: $? = 0
configure:4508: result: yes
configure:4526: checking vfork.h usability
configure:4526: gcc -c -g -O2  conftest.c >&5
conftest.c:68:19: fatal error: vfork.h: No such file or directory
compilation terminated.
configure:4526: $? = 1
configure: failed program was:
| /* confdefs.h */
| #define PACKAGE_NAME "unp"
| #define PACKAGE_TARNAME "unp"
| #define PACKAGE_VERSION "1.0"
| #define PACKAGE_STRING "unp 1.0"
| #define PACKAGE_BUGREPORT "eagle.lzy@gmail.com"
| #define PACKAGE_URL ""
| #define PACKAGE "unp"
| #define VERSION "1.0"
| #define STDC_HEADERS 1
| #define HAVE_SYS_TYPES_H 1
| #define HAVE_SYS_STAT_H 1
| #define HAVE_STDLIB_H 1
| #define HAVE_STRING_H 1
| #define HAVE_MEMORY_H 1
| #define HAVE_STRINGS_H 1
| #define HAVE_INTTYPES_H 1
| #define HAVE_STDINT_H 1
| #define HAVE_UNISTD_H 1
| #define HAVE_ARPA_INET_H 1
| #define HAVE_FCNTL_H 1
| #define HAVE_NETDB_H 1
| #define HAVE_NETINET_IN_H 1
| #define HAVE_STDDEF_H 1
| #define HAVE_STDLIB_H 1
| #define HAVE_STRING_H 1
| #define HAVE_STRINGS_H 1
| #define HAVE_SYS_IOCTL_H 1
| #define HAVE_SYS_PARAM_H 1
| #define HAVE_SYS_SOCKET_H 1
| #define HAVE_SYS_TIME_H 1
| #define HAVE_SYSLOG_H 1
| #define HAVE_UNISTD_H 1
| /* end confdefs.h.  */
| #include <stdio.h>
| #ifdef HAVE_SYS_TYPES_H
| # include <sys/types.h>
| #endif
| #ifdef HAVE_SYS_STAT_H
| # include <sys/stat.h>
| #endif
| #ifdef STDC_HEADERS
| # include <stdlib.h>
| # include <stddef.h>
| #else
| # ifdef HAVE_STDLIB_H
| #  include <stdlib.h>
| # endif
| #endif
| #ifdef HAVE_STRING_H
| # if !defined STDC_HEADERS && defined HAVE_MEMORY_H
| #  include <memory.h>
| # endif
| # include <string.h>
| #endif
| #ifdef HAVE_STRINGS_H
| # include <strings.h>
| #endif
| #ifdef HAVE_INTTYPES_H
| # include <inttypes.h>
| #endif
| #ifdef HAVE_STDINT_H
| # include <stdint.h>
| #endif
| #ifdef HAVE_UNISTD_H
| # include <unistd.h>
| #endif
| #include <vfork.h>
configure:4526: result: no
configure:4526: checking vfork.h presence
configure:4526: gcc -E  conftest.c
conftest.c:35:19: fatal error: vfork.h: No such file or directory
compilation terminated.
configure:4526: $? = 1
configure: failed program was:
| /* confdefs.h */
| #define PACKAGE_NAME "unp"
| #define PACKAGE_TARNAME "unp"
| #define PACKAGE_VERSION "1.0"
| #define PACKAGE_STRING "unp 1.0"
| #define PACKAGE_BUGREPORT "eagle.lzy@gmail.com"
| #define PACKAGE_URL ""
| #define PACKAGE "unp"
| #define VERSION "1.0"
| #define STDC_HEADERS 1
| #define HAVE_SYS_TYPES_H 1
| #define HAVE_SYS_STAT_H 1
| #define HAVE_STDLIB_H 1
| #define HAVE_STRING_H 1
| #define HAVE_MEMORY_H 1
| #define HAVE_STRINGS_H 1
| #define HAVE_INTTYPES_H 1
| #define HAVE_STDINT_H 1
| #define HAVE_UNISTD_H 1
| #define HAVE_ARPA_INET_H 1
| #define HAVE_FCNTL_H 1
| #define HAVE_NETDB_H 1
| #define HAVE_NETINET_IN_H 1
| #define HAVE_STDDEF_H 1
| #define HAVE_STDLIB_H 1
| #define HAVE_STRING_H 1
| #define HAVE_STRINGS_H 1
| #define HAVE_SYS_IOCTL_H 1
| #define HAVE_SYS_PARAM_H 1
| #define HAVE_SYS_SOCKET_H 1
| #define HAVE_SYS_TIME_H 1
| #define HAVE_SYSLOG_H 1
| #define HAVE_UNISTD_H 1
| /* end confdefs.h.  */
| #include <vfork.h>
configure:4526: result: no
configure:4526: checking for vfork.h
configure:4526: result: no
configure:4539: checking for fork
configure:4539: gcc -o conftest -g -O2   conftest.c  >&5
conftest.c:58:6: warning: conflicting types for built-in function 'fork'
 char fork ();
      ^
configure:4539: $? = 0
configure:4539: result: yes
configure:4539: checking for vfork
configure:4539: gcc -o conftest -g -O2   conftest.c  >&5
configure:4539: $? = 0
configure:4539: result: yes
configure:4549: checking for working fork
configure:4571: gcc -o conftest -g -O2   conftest.c  >&5
configure:4571: $? = 0
configure:4571: ./conftest
configure:4571: $? = 0
configure:4581: result: yes
configure:4602: checking for working vfork
configure:4712: result: yes
configure:4739: checking for stdlib.h
configure:4739: result: yes
configure:4749: checking for GNU libc compatible malloc
configure:4773: gcc -o conftest -g -O2   conftest.c  >&5
configure:4773: $? = 0
configure:4773: ./conftest
configure:4773: $? = 0
configure:4783: result: yes
configure:4810: checking for stdlib.h
configure:4810: result: yes
configure:4810: checking for unistd.h
configure:4810: result: yes
configure:4810: checking for sys/param.h
configure:4810: result: yes
configure:4830: checking for getpagesize
configure:4830: gcc -o conftest -g -O2   conftest.c  >&5
configure:4830: $? = 0
configure:4830: result: yes
configure:4839: checking for working mmap
configure:4986: gcc -o conftest -g -O2   conftest.c  >&5
configure:4986: $? = 0
configure:4986: ./conftest
configure:4986: $? = 0
configure:4996: result: yes
configure:5008: checking for alarm
configure:5008: gcc -o conftest -g -O2   conftest.c  >&5
configure:5008: $? = 0
configure:5008: result: yes
configure:5008: checking for bzero
configure:5008: gcc -o conftest -g -O2   conftest.c  >&5
conftest.c:70:6: warning: conflicting types for built-in function 'bzero'
 char bzero ();
      ^
configure:5008: $? = 0
configure:5008: result: yes
configure:5008: checking for dup2
configure:5008: gcc -o conftest -g -O2   conftest.c  >&5
configure:5008: $? = 0
configure:5008: result: yes
configure:5008: checking for gethostbyname
configure:5008: gcc -o conftest -g -O2   conftest.c  >&5
configure:5008: $? = 0
configure:5008: result: yes
configure:5008: checking for gethostname
configure:5008: gcc -o conftest -g -O2   conftest.c  >&5
configure:5008: $? = 0
configure:5008: result: yes
configure:5008: checking for gettimeofday
configure:5008: gcc -o conftest -g -O2   conftest.c  >&5
configure:5008: $? = 0
configure:5008: result: yes
configure:5008: checking for select
configure:5008: gcc -o conftest -g -O2   conftest.c  >&5
configure:5008: $? = 0
configure:5008: result: yes
configure:5008: checking for socket
configure:5008: gcc -o conftest -g -O2   conftest.c  >&5
configure:5008: $? = 0
configure:5008: result: yes
configure:5008: checking for strchr
configure:5008: gcc -o conftest -g -O2   conftest.c  >&5
conftest.c:77:6: warning: conflicting types for built-in function 'strchr'
 char strchr ();
      ^
configure:5008: $? = 0
configure:5008: result: yes
configure:5008: checking for strdup
configure:5008: gcc -o conftest -g -O2   conftest.c  >&5
conftest.c:78:6: warning: conflicting types for built-in function 'strdup'
 char strdup ();
      ^
configure:5008: $? = 0
configure:5008: result: yes
configure:5008: checking for strerror
configure:5008: gcc -o conftest -g -O2   conftest.c  >&5
configure:5008: $? = 0
configure:5008: result: yes
configure:5008: checking for uname
configure:5008: gcc -o conftest -g -O2   conftest.c  >&5
configure:5008: $? = 0
configure:5008: result: yes
configure:5060: checking for ranlib
configure:5076: found /usr/bin/ranlib
configure:5087: result: ranlib
configure:5263: checking that generated files are newer than configure
configure:5269: result: done
configure:5292: creating ./config.status

## ---------------- ##
## Cache variables. ##
## ---------------- ##

ac_cv_c_compiler_gnu=yes
ac_cv_c_int64_t=yes
ac_cv_c_uint16_t=yes
ac_cv_c_uint32_t=yes
ac_cv_env_CC_set=
ac_cv_env_CC_value=
ac_cv_env_CFLAGS_set=
ac_cv_env_CFLAGS_value=
ac_cv_env_CPPFLAGS_set=
ac_cv_env_CPPFLAGS_value=
ac_cv_env_CPP_set=
ac_cv_env_CPP_value=
ac_cv_env_LDFLAGS_set=
ac_cv_env_LDFLAGS_value=
ac_cv_env_LIBS_set=
ac_cv_env_LIBS_value=
ac_cv_env_build_alias_set=
ac_cv_env_build_alias_value=
ac_cv_env_host_alias_set=
ac_cv_env_host_alias_value=
ac_cv_env_target_alias_set=
ac_cv_env_target_alias_value=
ac_cv_func_alarm=yes
ac_cv_func_bzero=yes
ac_cv_func_dup2=yes
ac_cv_func_fork=yes
ac_cv_func_fork_works=yes
ac_cv_func_gethostbyname=yes
ac_cv_func_gethostname=yes
ac_cv_func_getpagesize=yes
ac_cv_func_gettimeofday=yes
ac_cv_func_malloc_0_nonnull=yes
ac_cv_func_mmap_fixed_mapped=yes
ac_cv_func_select=yes
ac_cv_func_socket=yes
ac_cv_func_strchr=yes
ac_cv_func_strdup=yes
ac_cv_func_strerror=yes
ac_cv_func_uname=yes
ac_cv_func_vfork=yes
ac_cv_func_vfork_works=yes
ac_cv_header_arpa_inet_h=yes
ac_cv_header_fcntl_h=yes
ac_cv_header_inttypes_h=yes
ac_cv_header_memory_h=yes
ac_cv_header_netdb_h=yes
ac_cv_header_netinet_in_h=yes
ac_cv_header_stdc=yes
ac_cv_header_stddef_h=yes
ac_cv_header_stdint_h=yes
ac_cv_header_stdlib_h=yes
ac_cv_header_string_h=yes
ac_cv_header_strings_h=yes
ac_cv_header_sys_ioctl_h=yes
ac_cv_header_sys_param_h=yes
ac_cv_header_sys_socket_h=yes
ac_cv_header_sys_stat_h=yes
ac_cv_header_sys_time_h=yes
ac_cv_header_sys_types_h=yes
ac_cv_header_syslog_h=yes
ac_cv_header_unistd_h=yes
ac_cv_header_vfork_h=no
ac_cv_objext=o
ac_cv_path_EGREP='/usr/bin/grep -E'
ac_cv_path_GREP=/usr/bin/grep
ac_cv_path_install='/usr/bin/install -c'
ac_cv_path_mkdir=/usr/bin/mkdir
ac_cv_prog_AWK=gawk
ac_cv_prog_CPP='gcc -E'
ac_cv_prog_ac_ct_CC=gcc
ac_cv_prog_ac_ct_RANLIB=ranlib
ac_cv_prog_cc_c89=
ac_cv_prog_cc_g=yes
ac_cv_prog_make_make_set=yes
ac_cv_type_mode_t=yes
ac_cv_type_off_t=yes
ac_cv_type_pid_t=yes
ac_cv_type_size_t=yes
ac_cv_type_ssize_t=yes
ac_cv_type_uid_t=yes
am_cv_CC_dependencies_compiler_type=gcc3
am_cv_make_support_nested_variables=yes
am_cv_prog_cc_c_o=yes

## ----------------- ##
## Output variables. ##
## ----------------- ##

ACLOCAL='${SHELL} /home/lizy/develop/unp/unp/missing aclocal-1.15'
AMDEPBACKSLASH='\'
AMDEP_FALSE='#'
AMDEP_TRUE=''
AMTAR='$${TAR-tar}'
AM_BACKSLASH='\'
AM_DEFAULT_V='$(AM_DEFAULT_VERBOSITY)'
AM_DEFAULT_VERBOSITY='1'
AM_V='$(V)'
AUTOCONF='${SHELL} /home/lizy/develop/unp/unp/missing autoconf'
AUTOHEADER='${SHELL} /home/lizy/develop/unp/unp/missing autoheader'
AUTOMAKE='${SHELL} /home/lizy/develop/unp/unp/missing automake-1.15'
AWK='gawk'
CC='gcc'
CCDEPMODE='depmode=gcc3'
CFLAGS='-g -O2'
CPP='gcc -E'
CPPFLAGS=''
CYGPATH_W='echo'
DEFS='-DPACKAGE_NAME=\"unp\" -DPACKAGE_TARNAME=\"unp\" -DPACKAGE_VERSION=\"1.0\" -DPACKAGE_STRING=\"unp\ 1.0\" -DPACKAGE_BUGREPORT=\"eagle.lzy@gmail.com\" -DPACKAGE_URL=\"\" -DPACKAGE=\"unp\" -DVERSION=\"1.0\" -DSTDC_HEADERS=1 -DHAVE_SYS_TYPES_H=1 -DHAVE_SYS_STAT_H=1 -DHAVE_STDLIB_H=1 -DHAVE_STRING_H=1 -DHAVE_MEMORY_H=1 -DHAVE_STRINGS_H=1 -DHAVE_INTTYPES_H=1 -DHAVE_STDINT_H=1 -DHAVE_UNISTD_H=1 -DHAVE_ARPA_INET_H=1 -DHAVE_FCNTL_H=1 -DHAVE_NETDB_H=1 -DHAVE_NETINET_IN_H=1 -DHAVE_STDDEF_H=1 -DHAVE_STDLIB_H=1 -DHAVE_STRING_H=1 -DHAVE_STRINGS_H=1 -DHAVE_SYS_IOCTL_H=1 -DHAVE_SYS_PARAM_H=1 -DHAVE_SYS_SOCKET_H=1 -DHAVE_SYS_TIME_H=1 -DHAVE_SYSLOG_H=1 -DHAVE_UNISTD_H=1 -DHAVE_FORK=1 -DHAVE_VFORK=1 -DHAVE_WORKING_VFORK=1 -DHAVE_WORKING_FORK=1 -DHAVE_STDLIB_H=1 -DHAVE_MALLOC=1 -DHAVE_STDLIB_H=1 -DHAVE_UNISTD_H=1 -DHAVE_SYS_PARAM_H=1 -DHAVE_GETPAGESIZE=1 -DHAVE_MMAP=1 -DHAVE_ALARM=1 -DHAVE_BZERO=1 -DHAVE_DUP2=1 -DHAVE_GETHOSTBYNAME=1 -DHAVE_GETHOSTNAME=1 -DHAVE_GETTIMEOFDAY=1 -DHAVE_SELECT=1 -DHAVE_SOCKET=1 -DHAVE_STRCHR=1 -DHAVE_STRDUP=1 -DHAVE_STRERROR=1 -DHAVE_UNAME=1'
DEPDIR='.deps'
ECHO_C=''
ECHO_N='-n'
ECHO_T=''
EGREP='/usr/bin/grep -E'
EXEEXT=''
GREP='/usr/bin/grep'
INSTALL_DATA='${INSTALL} -m 644'
INSTALL_PROGRAM='${INSTALL}'
INSTALL_SCRIPT='${INSTALL}'
INSTALL_STRIP_PROGRAM='$(install_sh) -c -s'
LDFLAGS=''
LIBOBJS=''
LIBS=''
LTLIBOBJS=''
MAKEINFO='${SHELL} /home/lizy/develop/unp/unp/missing makeinfo'
MKDIR_P='/usr/bin/mkdir -p'
OBJEXT='o'
PACKAGE='unp'
PACKAGE_BUGREPORT='eagle.lzy@gmail.com'
PACKAGE_NAME='unp'
PACKAGE_STRING='unp 1.0'
PACKAGE_TARNAME='unp'
PACKAGE_URL=''
PACKAGE_VERSION='1.0'
PATH_SEPARATOR=':'
RANLIB='ranlib'
SET_MAKE=''
SHELL='/bin/sh'
STRIP=''
VERSION='1.0'
ac_ct_CC='gcc'
am__EXEEXT_FALSE=''
am__EXEEXT_TRUE='#'
am__fastdepCC_FALSE='#'
am__fastdepCC_TRUE=''
am__include='include'
am__isrc=''
am__leading_dot='.'
am__nodep='_no'
am__quote=''
am__tar='$${TAR-tar} chof - "$$tardir"'
am__untar='$${TAR-tar} xf -'
bindir='${exec_prefix}/bin'
build_alias=''
datadir='${datarootdir}'
datarootdir='${prefix}/share'
docdir='${datarootdir}/doc/${PACKAGE_TARNAME}'
dvidir='${docdir}'
exec_prefix='${prefix}'
host_alias=''
htmldir='${docdir}'
includedir='${prefix}/include'
infodir='${datarootdir}/info'
install_sh='${SHELL} /home/lizy/develop/unp/unp/install-sh'
libdir='${exec_prefix}/lib'
libexecdir='${exec_prefix}/libexec'
localedir='${datarootdir}/locale'
localstatedir='${prefix}/var'
mandir='${datarootdir}/man'
mkdir_p='$(MKDIR_P)'
oldincludedir='/usr/include'
pdfdir='${docdir}'
prefix='/usr/local'
program_transform_name='s,x,x,'
psdir='${docdir}'
sbindir='${exec_prefix}/sbin'
sharedstatedir='${prefix}/com'
sysconfdir='${prefix}/etc'
target_alias=''

## ----------- ##
## confdefs.h. ##
## ----------- ##

/* confdefs.h */
#define PACKAGE_NAME "unp"
#define PACKAGE_TARNAME "unp"
#define PACKAGE_VERSION "1.0"
#define PACKAGE_STRING "unp 1.0"
#define PACKAGE_BUGREPORT "eagle.lzy@gmail.com"
#define PACKAGE_URL ""
#define PACKAGE "unp"
#define VERSION "1.0"
#define STDC_HEADERS 1
#define HAVE_SYS_TYPES_H 1
#define HAVE_SYS_STAT_H 1
#define HAVE_STDLIB_H 1
#define HAVE_STRING_H 1
#define HAVE_MEMORY_H 1
#define HAVE_STRINGS_H 1
#define HAVE_INTTYPES_H 1
#define HAVE_STDINT_H 1
#define HAVE_UNISTD_H 1
#define HAVE_ARPA_INET_H 1
#define HAVE_FCNTL_H 1
#define HAVE_NETDB_H 1
#define HAVE_NETINET_IN_H 1
#define HAVE_STDDEF_H 1
#define HAVE_STDLIB_H 1
#define HAVE_STRING_H 1
#define HAVE_STRINGS_H 1
#define HAVE_SYS_IOCTL_H 1
#define HAVE_SYS_PARAM_H 1
#define HAVE_SYS_SOCKET_H 1
#define HAVE_SYS_TIME_H 1
#define HAVE_SYSLOG_H 1
#define HAVE_UNISTD_H 1
#define HAVE_FORK 1
#define HAVE_VFORK 1
#define HAVE_WORKING_VFORK 1
#define HAVE_WORKING_FORK 1
#define HAVE_STDLIB_H 1
#define HAVE_MALLOC 1
#define HAVE_STDLIB_H 1
#define HAVE_UNISTD_H 1
#define HAVE_SYS_PARAM_H 1
#define HAVE_GETPAGESIZE 1
#define HAVE_MMAP 1
#define HAVE_ALARM 1
#define HAVE_BZERO 1
#define HAVE_DUP2 1
#define HAVE_GETHOSTBYNAME 1
#define HAVE_GETHOSTNAME 1
#define HAVE_GETTIMEOFDAY 1
#define HAVE_SELECT 1
#define HAVE_SOCKET 1
#define HAVE_STRCHR 1
#define HAVE_STRDUP 1
#define HAVE_STRERROR 1
#define HAVE_UNAME 1

configure: exit 0

## ---------------------- ##
## Running config.status. ##
## ---------------------- ##

This file was extended by unp config.status 1.0, which was
generated by GNU Autoconf 2.69.  Invocation command line was

  CONFIG_FILES    = 
  CONFIG_HEADERS  = 
  CONFIG_LINKS    = 
  CONFIG_COMMANDS = 
  $ ./config.status 

on lizy-pc

config.status:786: creating Makefile
config.status:786: creating app/05/Makefile
config.status:786: creating app/08/Makefile
config.status:786: creating app/11/Makefile
config.status:786: creating libs/Makefile
config.status:958: executing depfiles commands
